21-Nov-2021 20:14:53.634 INFO [main] org.apache.catalina.core.ApplicationContext.log ContextListener: contextInitialized()
21-Nov-2021 20:14:53.634 INFO [main] org.apache.catalina.core.ApplicationContext.log SessionListener: contextInitialized()
21-Nov-2021 20:14:53.635 INFO [main] org.apache.catalina.core.ApplicationContext.log ContextListener: attributeAdded('StockTicker', 'async.Stockticker@76ed1b7c')
21-Nov-2021 20:21:32.483 INFO [main] org.apache.catalina.core.ApplicationContext.log SessionListener: contextDestroyed()
21-Nov-2021 20:21:32.483 INFO [main] org.apache.catalina.core.ApplicationContext.log ContextListener: contextDestroyed()
21-Nov-2021 20:21:36.169 INFO [main] org.apache.catalina.core.ApplicationContext.log ContextListener: contextInitialized()
21-Nov-2021 20:21:36.169 INFO [main] org.apache.catalina.core.ApplicationContext.log SessionListener: contextInitialized()
21-Nov-2021 20:21:36.170 INFO [main] org.apache.catalina.core.ApplicationContext.log ContextListener: attributeAdded('StockTicker', 'async.Stockticker@11fc564b')
21-Nov-2021 20:23:36.169 INFO [main] org.apache.catalina.core.ApplicationContext.log SessionListener: contextDestroyed()
21-Nov-2021 20:23:36.169 INFO [main] org.apache.catalina.core.ApplicationContext.log ContextListener: contextDestroyed()
21-Nov-2021 20:23:44.520 INFO [main] org.apache.catalina.core.ApplicationContext.log ContextListener: contextInitialized()
21-Nov-2021 20:23:44.520 INFO [main] org.apache.catalina.core.ApplicationContext.log SessionListener: contextInitialized()
21-Nov-2021 20:23:44.521 INFO [main] org.apache.catalina.core.ApplicationContext.log ContextListener: attributeAdded('StockTicker', 'async.Stockticker@11fc564b')
21-Nov-2021 20:30:30.771 INFO [main] org.apache.catalina.core.ApplicationContext.log SessionListener: contextDestroyed()
21-Nov-2021 20:30:30.771 INFO [main] org.apache.catalina.core.ApplicationContext.log ContextListener: contextDestroyed()
21-Nov-2021 20:30:34.461 INFO [main] org.apache.catalina.core.ApplicationContext.log ContextListener: contextInitialized()
21-Nov-2021 20:30:34.462 INFO [main] org.apache.catalina.core.ApplicationContext.log SessionListener: contextInitialized()
21-Nov-2021 20:30:34.463 INFO [main] org.apache.catalina.core.ApplicationContext.log ContextListener: attributeAdded('StockTicker', 'async.Stockticker@623a8092')
21-Nov-2021 20:33:11.967 INFO [main] org.apache.catalina.core.ApplicationContext.log SessionListener: contextDestroyed()
21-Nov-2021 20:33:11.967 INFO [main] org.apache.catalina.core.ApplicationContext.log ContextListener: contextDestroyed()
21-Nov-2021 20:33:15.093 INFO [main] org.apache.catalina.core.ApplicationContext.log ContextListener: contextInitialized()
21-Nov-2021 20:33:15.093 INFO [main] org.apache.catalina.core.ApplicationContext.log SessionListener: contextInitialized()
21-Nov-2021 20:33:15.094 INFO [main] org.apache.catalina.core.ApplicationContext.log ContextListener: attributeAdded('StockTicker', 'async.Stockticker@6f4a47c7')
21-Nov-2021 20:33:53.848 INFO [main] org.apache.catalina.core.ApplicationContext.log ContextListener: contextInitialized()
21-Nov-2021 20:33:53.848 INFO [main] org.apache.catalina.core.ApplicationContext.log SessionListener: contextInitialized()
21-Nov-2021 20:33:53.848 INFO [main] org.apache.catalina.core.ApplicationContext.log ContextListener: attributeAdded('StockTicker', 'async.Stockticker@6f4a47c7')
21-Nov-2021 20:33:53.901 INFO [main] org.apache.catalina.core.ApplicationContext.log SessionListener: contextDestroyed()
21-Nov-2021 20:33:53.901 INFO [main] org.apache.catalina.core.ApplicationContext.log ContextListener: contextDestroyed()
21-Nov-2021 20:34:01.071 INFO [main] org.apache.catalina.core.ApplicationContext.log SessionListener: contextDestroyed()
21-Nov-2021 20:34:01.071 INFO [main] org.apache.catalina.core.ApplicationContext.log ContextListener: contextDestroyed()
21-Nov-2021 20:34:33.301 INFO [main] org.apache.catalina.core.ApplicationContext.log ContextListener: contextInitialized()
21-Nov-2021 20:34:33.302 INFO [main] org.apache.catalina.core.ApplicationContext.log SessionListener: contextInitialized()
21-Nov-2021 20:34:33.303 INFO [main] org.apache.catalina.core.ApplicationContext.log ContextListener: attributeAdded('StockTicker', 'async.Stockticker@6f4a47c7')
21-Nov-2021 20:36:27.529 INFO [main] org.apache.catalina.core.ApplicationContext.log SessionListener: contextDestroyed()
21-Nov-2021 20:36:27.529 INFO [main] org.apache.catalina.core.ApplicationContext.log ContextListener: contextDestroyed()
21-Nov-2021 20:36:38.780 INFO [main] org.apache.catalina.core.ApplicationContext.log ContextListener: contextInitialized()
21-Nov-2021 20:36:38.780 INFO [main] org.apache.catalina.core.ApplicationContext.log SessionListener: contextInitialized()
21-Nov-2021 20:36:38.781 INFO [main] org.apache.catalina.core.ApplicationContext.log ContextListener: attributeAdded('StockTicker', 'async.Stockticker@13526e59')
21-Nov-2021 20:49:19.439 INFO [main] org.apache.catalina.core.ApplicationContext.log SessionListener: contextDestroyed()
21-Nov-2021 20:49:19.439 INFO [main] org.apache.catalina.core.ApplicationContext.log ContextListener: contextDestroyed()
